Arguments: 
  /home/fenne035/.nvm/versions/node/v6.5.0/bin/node /home/fenne035/.nvm/versions/node/v6.5.0/bin/yarn install

PATH: 
  /home/fenne035/.rvm/gems/ruby-2.3.1/bin:/home/fenne035/.rvm/gems/ruby-2.3.1@global/bin:/home/fenne035/.rvm/rubies/ruby-2.3.1/bin:/home/fenne035/.yarn/bin:/home/fenne035/.pyenv/shims:/home/fenne035/.pyenv/bin:/home/fenne035/.nvm/versions/node/v6.5.0/bin:/usr/local/bin:/home/fenne035/bin:/usr/local/sbin:/usr/local/bin:/usr/sbin:/usr/bin:/sbin:/bin:/usr/games:/usr/local/games:/snap/bin:/home/fenne035/.rvm/bin:/home/fenne035/.rvm/bin

Yarn version: 
  0.28.1

Node version: 
  6.5.0

Platform: 
  linux x64

npm manifest: 
  {
    "name": "react-citation-demo",
    "version": "1.0.0",
    "main": "react-citation-demo.js",
    "license": "MIT",
    "repository": {
      "type": "git",
      "url": "https://github.com/UMNLibraries/react-citation-demo.git"
    },
    "bugs": {
      "url": "https://github.com/UMNLibraries/react-citation-demo/issues"
    },
    "dependencies": {
      "react": "^15.4.1",
      "react-dom": "^15.4.1"
    },
    "devDependencies": {
      "babel": "^6.5.2",
      "babel-core": "^6.21.0",
      "babel-eslint": "^7.1.1",
      "babel-jest": "^18.0.0",
      "babel-loader": "^6.2.10",
      "babel-preset-es2015": "^6.18.0",
      "babel-preset-react": "^6.16.0",
      "babel-preset-stage-0": "^6.16.0",
      "css-loader": "^0.26.1",
      "eslint": "^3.16.1",
      "eslint-config-airbnb": "^14.1.0",
      "eslint-plugin-import": "^2.2.0",
      "eslint-plugin-jsx-a11y": "^4.0.0",
      "eslint-plugin-react": "^6.10.0",
      "extract-text-webpack-plugin": "^1.0.1",
      "jest-css-modules": "^1.1.0",
      "less-loader": "^2.2.3",
      "react-addons-test-utils": "^15.4.1",
      "react-shallow-testutils": "^2.0.0",
      "react-test-renderer": "^15.4.1",
      "style-loader": "^0.13.1",
      "webpack": "^3.0.0",
      "webpack-dev-middleware": "^1.10.2",
      "webpack-dev-server": "^2.5.0",
      "webpack-merge": "^4.1.0",
      "yarn": "^0.24.6"
    },
    "scripts": {
      "start": "webpack-dev-server",
    },
    "keywords": [
      "react",
      "react-component"
    ],
    "jest": {
      "scriptPreprocessor": "<rootDir>/node_modules/jest-css-modules"
    }
  }

yarn manifest: 
  No manifest

Lockfile: 
  No lockfile

Trace: 
  SyntaxError: /home/fenne035/dev/webpack-demo/package.json: Unexpected token } in JSON at position 1349
      at Object.parse (native)
      at /home/fenne035/.nvm/versions/node/v6.5.0/lib/node_modules/yarn/lib/yarn-cli.js:787:57
      at next (native)
      at step (/home/fenne035/.nvm/versions/node/v6.5.0/lib/node_modules/yarn/lib/yarn-cli.js:91:30)
      at /home/fenne035/.nvm/versions/node/v6.5.0/lib/node_modules/yarn/lib/yarn-cli.js:102:13
